src/build/outputs/logs/manifest-merger-debug-report.txt
-- Merging decision tree log ---
manifest
ADDED from Cysmart_SmartBreath/src/AndroidManifest.xml:2:1-127:12
INJECTED from Cysmart_SmartBreath/src/AndroidManifest.xml:2:1-127:12
INJECTED from Cysmart_SmartBreath/src/AndroidManifest.xml:2:1-127:12
MERGED from [:app] AndroidManifest.xml:2:1-14:12
MERGED from [:stateprogressbar] AndroidManifest.xml:2:1-14:12
MERGED from [com.android.support:appcompat-v7:27.1.0] AndroidManifest.xml:17:1-22:12
MERGED from [com.android.support:support-v4:27.1.0] AndroidManifest.xml:17:1-22:12
MERGED from [com.android.support.constraint:constraint-layout:1.1.3] AndroidManifest.xml:2:1-11:12
MERGED from [com.android.support:support-fragment:27.1.0] AndroidManifest.xml:17:1-22:12
MERGED from [com.android.support:animated-vector-drawable:27.1.0] AndroidManifest.xml:17:1-22:12
MERGED from [com.android.support:support-core-ui:27.1.0] AndroidManifest.xml:17:1-22:12
MERGED from [com.android.support:support-core-utils:27.1.0] AndroidManifest.xml:17:1-22:12
MERGED from [com.android.support:support-media-compat:27.1.0] AndroidManifest.xml:17:1-22:12
MERGED from [com.android.support:support-vector-drawable:27.1.0] AndroidManifest.xml:17:1-22:12
MERGED from [com.android.support:support-compat:27.1.0] AndroidManifest.xml:17:1-22:12
MERGED from [android.arch.lifecycle:livedata-core:1.1.0] AndroidManifest.xml:17:1-22:12
MERGED from [android.arch.lifecycle:viewmodel:1.1.0] AndroidManifest.xml:17:1-22:12
MERGED from [android.arch.lifecycle:runtime:1.1.0] AndroidManifest.xml:17:1-22:12
MERGED from [android.arch.core:runtime:1.1.0] AndroidManifest.xml:17:1-22:12
INJECTED from Cysmart_SmartBreath/src/AndroidManifest.xml:2:1-127:12
INJECTED from Cysmart_SmartBreath/src/AndroidManifest.xml:2:1-127:12
	package
		ADDED from Cysmart_SmartBreath/src/AndroidManifest.xml:3:5-34
	android:versionName
		ADDED from Cysmart_SmartBreath/src/AndroidManifest.xml:5:5-35
		INJECTED from Cysmart_SmartBreath/src/AndroidManifest.xml
		INJECTED from Cysmart_SmartBreath/src/AndroidManifest.xml
	xmlns:android
		ADDED from Cysmart_SmartBreath/src/AndroidManifest.xml:2:11-69
	android:versionCode
		ADDED from Cysmart_SmartBreath/src/AndroidManifest.xml:4:5-28
		INJECTED from Cysmart_SmartBreath/src/AndroidManifest.xml
		INJECTED from Cysmart_SmartBreath/src/AndroidManifest.xml
uses-feature#android.hardware.bluetooth_le
ADDED from Cysmart_SmartBreath/src/AndroidManifest.xml:13:5-15:35
	android:required
		ADDED from Cysmart_SmartBreath/src/AndroidManifest.xml:15:9-32
	android:name
		ADDED from Cysmart_SmartBreath/src/AndroidManifest.xml:14:9-53
uses-permission#android.permission.BLUETOOTH
ADDED from Cysmart_SmartBreath/src/AndroidManifest.xml:17:5-68
	android:name
		ADDED from Cysmart_SmartBreath/src/AndroidManifest.xml:17:22-65
uses-permission#android.permission.BLUETOOTH_ADMIN
ADDED from Cysmart_SmartBreath/src/AndroidManifest.xml:18:5-74
	android:name
		ADDED from Cysmart_SmartBreath/src/AndroidManifest.xml:18:22-71
uses-permission#android.permission.WRITE_EXTERNAL_STORAGE
ADDED from Cysmart_SmartBreath/src/AndroidManifest.xml:19:5-81
	android:name
		ADDED from Cysmart_SmartBreath/src/AndroidManifest.xml:19:22-78
uses-permission#android.permission.READ_EXTERNAL_STORAGE
ADDED from Cysmart_SmartBreath/src/AndroidManifest.xml:20:5-80
	android:name
		ADDED from Cysmart_SmartBreath/src/AndroidManifest.xml:20:22-77
uses-permission#android.permission.INTERNET
ADDED from Cysmart_SmartBreath/src/AndroidManifest.xml:21:5-67
	android:name
		ADDED from Cysmart_SmartBreath/src/AndroidManifest.xml:21:22-64
uses-permission#android.permission.ACCESS_NETWORK_STATE
ADDED from Cysmart_SmartBreath/src/AndroidManifest.xml:22:5-79
	android:name
		ADDED from Cysmart_SmartBreath/src/AndroidManifest.xml:22:22-76
application
ADDED from Cysmart_SmartBreath/src/AndroidManifest.xml:24:5-125:19
MERGED from [:app] AndroidManifest.xml:11:5-12:19
MERGED from [:app] AndroidManifest.xml:11:5-12:19
MERGED from [:stateprogressbar] AndroidManifest.xml:11:5-12:19
MERGED from [:stateprogressbar] AndroidManifest.xml:11:5-12:19
MERGED from [com.android.support.constraint:constraint-layout:1.1.3] AndroidManifest.xml:9:5-20
MERGED from [com.android.support.constraint:constraint-layout:1.1.3] AndroidManifest.xml:9:5-20
	android:supportsRtl
		ADDED from Cysmart_SmartBreath/src/AndroidManifest.xml:29:9-35
	android:label
		ADDED from Cysmart_SmartBreath/src/AndroidManifest.xml:28:9-41
	android:icon
		ADDED from Cysmart_SmartBreath/src/AndroidManifest.xml:27:9-41
	android:allowBackup
		ADDED from Cysmart_SmartBreath/src/AndroidManifest.xml:26:9-35
	android:theme
		ADDED from Cysmart_SmartBreath/src/AndroidManifest.xml:30:9-45
	android:name
		ADDED from Cysmart_SmartBreath/src/AndroidManifest.xml:25:9-62
service#com.cypress.cysmart.BLEConnectionServices.BluetoothLeService
ADDED from Cysmart_SmartBreath/src/AndroidManifest.xml:32:9-34:38
	android:enabled
		ADDED from Cysmart_SmartBreath/src/AndroidManifest.xml:34:13-35
	android:name
		ADDED from Cysmart_SmartBreath/src/AndroidManifest.xml:33:13-88
receiver#com.cypress.cysmart.OTAFirmwareUpdate.OTAResponseReceiver
ADDED from Cysmart_SmartBreath/src/AndroidManifest.xml:36:9-40:20
	android:name
		ADDED from Cysmart_SmartBreath/src/AndroidManifest.xml:36:19-72
intent-filter#action:name:com.cysmart.bluetooth.le.ACTION_OTA_DATA_AVAILABLE
ADDED from Cysmart_SmartBreath/src/AndroidManifest.xml:37:13-39:29
action#com.cysmart.bluetooth.le.ACTION_OTA_DATA_AVAILABLE
ADDED from Cysmart_SmartBreath/src/AndroidManifest.xml:38:17-93
	android:name
		ADDED from Cysmart_SmartBreath/src/AndroidManifest.xml:38:25-90
receiver#com.cypress.cysmart.BLEStatusReceiver
ADDED from Cysmart_SmartBreath/src/AndroidManifest.xml:41:9-45:20
	android:name
		ADDED from Cysmart_SmartBreath/src/AndroidManifest.xml:41:19-52
intent-filter#action:name:com.example.bluetooth.le.ACTION_GATT_DISCONNECTED
ADDED from Cysmart_SmartBreath/src/AndroidManifest.xml:42:13-44:29
action#com.example.bluetooth.le.ACTION_GATT_DISCONNECTED
ADDED from Cysmart_SmartBreath/src/AndroidManifest.xml:43:17-92
	android:name
		ADDED from Cysmart_SmartBreath/src/AndroidManifest.xml:43:25-89
activity#com.cypress.cysmart.SplashPageActivity
ADDED from Cysmart_SmartBreath/src/AndroidManifest.xml:47:9-58:20
	android:label
		ADDED from Cysmart_SmartBreath/src/AndroidManifest.xml:50:13-45
	android:configChanges
		ADDED from Cysmart_SmartBreath/src/AndroidManifest.xml:49:13-59
	android:theme
		ADDED from Cysmart_SmartBreath/src/AndroidManifest.xml:51:13-75
	android:name
		ADDED from Cysmart_SmartBreath/src/AndroidManifest.xml:48:13-66
intent-filter#action:name:android.intent.action.MAIN+category:name:android.intent.category.LAUNCHER
ADDED from Cysmart_SmartBreath/src/AndroidManifest.xml:52:13-57:29
action#android.intent.action.MAIN
ADDED from Cysmart_SmartBreath/src/AndroidManifest.xml:53:17-69
	android:name
		ADDED from Cysmart_SmartBreath/src/AndroidManifest.xml:53:25-66
category#android.intent.category.LAUNCHER
ADDED from Cysmart_SmartBreath/src/AndroidManifest.xml:55:17-77
	android:name
		ADDED from Cysmart_SmartBreath/src/AndroidManifest.xml:55:27-74
activity#com.cypress.cysmart.HomePageActivity
ADDED from Cysmart_SmartBreath/src/AndroidManifest.xml:59:9-101:20
	android:launchMode
		ADDED from Cysmart_SmartBreath/src/AndroidManifest.xml:62:13-44
	android:windowSoftInputMode
		ADDED from Cysmart_SmartBreath/src/AndroidManifest.xml:64:13-52
	android:configChanges
		ADDED from Cysmart_SmartBreath/src/AndroidManifest.xml:61:13-59
	android:theme
		ADDED from Cysmart_SmartBreath/src/AndroidManifest.xml:63:13-49
	android:name
		ADDED from Cysmart_SmartBreath/src/AndroidManifest.xml:60:13-64
meta-data#android.app.searchable
ADDED from Cysmart_SmartBreath/src/AndroidManifest.xml:65:13-67:64
	android:resource
		ADDED from Cysmart_SmartBreath/src/AndroidManifest.xml:67:17-51
	android:name
		ADDED from Cysmart_SmartBreath/src/AndroidManifest.xml:66:17-54
intent-filter#action:name:android.intent.action.VIEW+category:name:android.intent.category.DEFAULT+data:mimeType:application/octet-stream+data:pathPattern:.*\\.cyacd+data:scheme:content
ADDED from Cysmart_SmartBreath/src/AndroidManifest.xml:71:13-78:29
action#android.intent.action.VIEW
ADDED from Cysmart_SmartBreath/src/AndroidManifest.xml:72:17-69
	android:name
		ADDED from Cysmart_SmartBreath/src/AndroidManifest.xml:72:25-66
category#android.intent.category.DEFAULT
ADDED from Cysmart_SmartBreath/src/AndroidManifest.xml:73:17-76
	android:name
		ADDED from Cysmart_SmartBreath/src/AndroidManifest.xml:73:27-73
data
ADDED from Cysmart_SmartBreath/src/AndroidManifest.xml:74:17-77:48
	android:host
		ADDED from Cysmart_SmartBreath/src/AndroidManifest.xml:85:21-37
	android:scheme
		ADDED from Cysmart_SmartBreath/src/AndroidManifest.xml:77:21-45
	android:pathPattern
		ADDED from Cysmart_SmartBreath/src/AndroidManifest.xml:76:21-53
	android:mimeType
		ADDED from Cysmart_SmartBreath/src/AndroidManifest.xml:75:21-64
intent-filter#action:name:android.intent.action.VIEW+category:name:android.intent.category.DEFAULT+data:host:*+data:mimeType:*/*+data:pathPattern:.*\\.cyacd+data:scheme:file
ADDED from Cysmart_SmartBreath/src/AndroidManifest.xml:81:13-89:29
intent-filter#action:name:android.intent.action.VIEW+category:name:android.intent.category.BROWSABLE+category:name:android.intent.category.DEFAULT+data:host:*+data:pathPattern:.*\\.cyacd+data:scheme:http
ADDED from Cysmart_SmartBreath/src/AndroidManifest.xml:92:13-99:29
category#android.intent.category.BROWSABLE
ADDED from Cysmart_SmartBreath/src/AndroidManifest.xml:94:17-78
	android:name
		ADDED from Cysmart_SmartBreath/src/AndroidManifest.xml:94:27-75
activity#com.cypress.cysmart.OTAFirmwareUpdate.OTAFilesListingActivity
ADDED from Cysmart_SmartBreath/src/AndroidManifest.xml:103:9-109:20
	android:windowSoftInputMode
		ADDED from Cysmart_SmartBreath/src/AndroidManifest.xml:107:13-52
	android:configChanges
		ADDED from Cysmart_SmartBreath/src/AndroidManifest.xml:105:13-59
	android:theme
		ADDED from Cysmart_SmartBreath/src/AndroidManifest.xml:106:13-88
	android:name
		ADDED from Cysmart_SmartBreath/src/AndroidManifest.xml:104:13-70
activity#app.json.com.myjson.SampleActivity
ADDED from Cysmart_SmartBreath/src/AndroidManifest.xml:111:9-116:20
	android:label
		ADDED from Cysmart_SmartBreath/src/AndroidManifest.xml:114:13-45
	android:windowSoftInputMode
		ADDED from Cysmart_SmartBreath/src/AndroidManifest.xml:115:13-52
	android:theme
		ADDED from Cysmart_SmartBreath/src/AndroidManifest.xml:113:13-45
	android:name
		ADDED from Cysmart_SmartBreath/src/AndroidManifest.xml:112:13-62
activity#com.cypress.cysmart.DataLoggerFragments.DataLoggerHistoryList
ADDED from Cysmart_SmartBreath/src/AndroidManifest.xml:118:9-124:20
	android:windowSoftInputMode
		ADDED from Cysmart_SmartBreath/src/AndroidManifest.xml:122:13-52
	android:configChanges
		ADDED from Cysmart_SmartBreath/src/AndroidManifest.xml:120:13-59
	android:theme
		ADDED from Cysmart_SmartBreath/src/AndroidManifest.xml:121:13-88
	android:name
		ADDED from Cysmart_SmartBreath/src/AndroidManifest.xml:119:13-70
uses-sdk
INJECTED from Cysmart_SmartBreath/src/AndroidManifest.xml reason: use-sdk injection requested
INJECTED from Cysmart_SmartBreath/src/AndroidManifest.xml
INJECTED from Cysmart_SmartBreath/src/AndroidManifest.xml
MERGED from [:app] AndroidManifest.xml:7:5-9:41
MERGED from [:app] AndroidManifest.xml:7:5-9:41
MERGED from [:stateprogressbar] AndroidManifest.xml:7:5-9:41
MERGED from [:stateprogressbar] AndroidManifest.xml:7:5-9:41
MERGED from [com.android.support:appcompat-v7:27.1.0] AndroidManifest.xml:20:5-44
MERGED from [com.android.support:appcompat-v7:27.1.0] AndroidManifest.xml:20:5-44
MERGED from [com.android.support:support-v4:27.1.0] AndroidManifest.xml:20:5-44
MERGED from [com.android.support:support-v4:27.1.0] AndroidManifest.xml:20:5-44
MERGED from [com.android.support.constraint:constraint-layout:1.1.3] AndroidManifest.xml:5:5-7:41
MERGED from [com.android.support.constraint:constraint-layout:1.1.3] AndroidManifest.xml:5:5-7:41
MERGED from [com.android.support:support-fragment:27.1.0] AndroidManifest.xml:20:5-44
MERGED from [com.android.support:support-fragment:27.1.0] AndroidManifest.xml:20:5-44
MERGED from [com.android.support:animated-vector-drawable:27.1.0] AndroidManifest.xml:20:5-44
MERGED from [com.android.support:animated-vector-drawable:27.1.0] AndroidManifest.xml:20:5-44
MERGED from [com.android.support:support-core-ui:27.1.0] AndroidManifest.xml:20:5-44
MERGED from [com.android.support:support-core-ui:27.1.0] AndroidManifest.xml:20:5-44
MERGED from [com.android.support:support-core-utils:27.1.0] AndroidManifest.xml:20:5-44
MERGED from [com.android.support:support-core-utils:27.1.0] AndroidManifest.xml:20:5-44
MERGED from [com.android.support:support-media-compat:27.1.0] AndroidManifest.xml:20:5-44
MERGED from [com.android.support:support-media-compat:27.1.0] AndroidManifest.xml:20:5-44
MERGED from [com.android.support:support-vector-drawable:27.1.0] AndroidManifest.xml:20:5-44
MERGED from [com.android.support:support-vector-drawable:27.1.0] AndroidManifest.xml:20:5-44
MERGED from [com.android.support:support-compat:27.1.0] AndroidManifest.xml:20:5-44
MERGED from [com.android.support:support-compat:27.1.0] AndroidManifest.xml:20:5-44
MERGED from [android.arch.lifecycle:livedata-core:1.1.0] AndroidManifest.xml:20:5-44
MERGED from [android.arch.lifecycle:livedata-core:1.1.0] AndroidManifest.xml:20:5-44
MERGED from [android.arch.lifecycle:viewmodel:1.1.0] AndroidManifest.xml:20:5-44
MERGED from [android.arch.lifecycle:viewmodel:1.1.0] AndroidManifest.xml:20:5-44
MERGED from [android.arch.lifecycle:runtime:1.1.0] AndroidManifest.xml:20:5-44
MERGED from [android.arch.lifecycle:runtime:1.1.0] AndroidManifest.xml:20:5-44
MERGED from [android.arch.core:runtime:1.1.0] AndroidManifest.xml:20:5-44
MERGED from [android.arch.core:runtime:1.1.0] AndroidManifest.xml:20:5-44
INJECTED from Cysmart_SmartBreath/src/AndroidManifest.xml
INJECTED from Cysmart_SmartBreath/src/AndroidManifest.xml
	android:targetSdkVersion
		INJECTED from Cysmart_SmartBreath/src/AndroidManifest.xml
		ADDED from Cysmart_SmartBreath/src/AndroidManifest.xml
		INJECTED from Cysmart_SmartBreath/src/AndroidManifest.xml
	android:minSdkVersion
		INJECTED from Cysmart_SmartBreath/src/AndroidManifest.xml
		ADDED from Cysmart_SmartBreath/src/AndroidManifest.xml
		INJECTED from Cysmart_SmartBreath/src/AndroidManifest.xml